17/10 14:31 DEBUG Get data from /api/InterviewStatus
17/10 14:31 DEBUG Get data from /api/Person
17/10 14:31 DEBUG Get data from /api/Person
17/10 14:31 DEBUG Get data from /api/InterviewStatus
17/10 14:33 DEBUG Get data from /api/Person
17/10 14:33 DEBUG Get data from /api/InterviewStatus
17/10 14:33 DEBUG Get data from /api/InterviewStatus
17/10 14:33 DEBUG Get data from /api/Person
17/10 14:33 DEBUG Get data from /api/InterviewSchedule
17/10 14:33 DEBUG Get data from /api/InterviewStatus
17/10 14:33 DEBUG Get data from /api/Person
17/10 14:33 DEBUG Get data from /api/InterviewSchedule
17/10 14:33 DEBUG Get data from /api/InterviewSchedule
17/10 14:33 DEBUG Get data from /api/Person
17/10 14:33 DEBUG Get data from /api/InterviewStatus
17/10 14:34 DEBUG Get data from /api/InterviewSchedule
17/10 14:34 DEBUG Get data from /api/InterviewStatus
17/10 14:34 DEBUG Get data from /api/Person
17/10 14:34 DEBUG Get data from /api/InterviewStatus
17/10 14:34 DEBUG Get data from /api/InterviewSchedule
17/10 14:34 DEBUG Get data from /api/Person
17/10 14:34 DEBUG Get data from /api/InterviewStatus
17/10 14:34 DEBUG Get data from /api/InterviewSchedule
17/10 14:34 DEBUG Get data from /api/Person
17/10 14:34 DEBUG Get data from /api/Person
17/10 14:34 DEBUG Get data from /api/InterviewSchedule
17/10 14:34 DEBUG Get data from /api/InterviewStatus
17/10 15:04 DEBUG Get data from /api/InterviewStatus
17/10 15:04 DEBUG Get data from /api/Person
17/10 15:19 DEBUG Get data from /api/Person
17/10 15:19 DEBUG Get data from /api/InterviewStatus
17/10 15:19 DEBUG Get data from /api/InterviewStatus
17/10 15:19 DEBUG Get data from /api/Person
17/10 15:19 DEBUG Get data from /api/InterviewSchedule
17/10 16:00 DEBUG Get data from /api/InterviewStatus
17/10 16:00 DEBUG Get data from /api/InterviewStatus
17/10 16:00 DEBUG Get data from /api/Person
17/10 16:00 DEBUG Get data from /api/Person
17/10 16:00 DEBUG Get data from /api/InterviewSchedule
17/10 16:00 DEBUG Get data from /api/InterviewStatus
17/10 16:00 DEBUG Get data from /api/Person
17/10 16:00 DEBUG Get data from /api/InterviewSchedule
17/10 16:00 DEBUG Get data from /api/Person
17/10 16:00 DEBUG Get data from /api/InterviewStatus
17/10 16:01 DEBUG Get data from /api/InterviewStatus
17/10 16:01 DEBUG Get data from /api/InterviewSchedule
17/10 16:01 DEBUG Get data from /api/Person
17/10 16:01 DEBUG Get data from /api/Person
17/10 16:01 DEBUG Get data from /api/InterviewStatus
17/10 16:02 DEBUG Get data from /api/InterviewStatus
17/10 16:02 DEBUG Get data from /api/Person
17/10 16:02 DEBUG Get data from /api/InterviewSchedule
17/10 16:03 DEBUG Get data from /api/Person
17/10 16:03 DEBUG Get data from /api/InterviewStatus
17/10 16:03 DEBUG Get data from /api/InterviewSchedule
17/10 16:03 DEBUG Get data from /api/Person
17/10 16:03 DEBUG Get data from /api/InterviewStatus
17/10 16:03 DEBUG Get data from /api/InterviewStatus
17/10 16:03 DEBUG Get data from /api/Person
17/10 16:03 DEBUG Get data from /api/InterviewSchedule
17/10 16:03 DEBUG Get data from /api/Person
17/10 16:03 DEBUG Get data from /api/InterviewStatus
17/10 16:03 DEBUG Get data from /api/InterviewSchedule
17/10 16:03 DEBUG Get data from /api/InterviewStatus
17/10 16:03 DEBUG Get data from /api/Person
17/10 16:53 DEBUG Get data from /api/Person
17/10 16:53 DEBUG Get data from /api/InterviewStatus
17/10 16:53 DEBUG Get data from /api/InterviewSchedule
17/10 16:54 DEBUG Get data from /api/InterviewStatus
17/10 16:54 DEBUG Get data from /api/Person
17/10 16:54 DEBUG Get data from /api/InterviewSchedule
17/10 16:54 DEBUG Get data from /api/QuestionGetAll
17/10 16:54 DEBUG Get data from /api/QuestionCategoryActiveGetAll
17/10 16:54 DEBUG Get data from /api/Person
17/10 16:54 DEBUG Get data from /api/InterviewStatus
17/10 16:54 DEBUG Get data from /api/InterviewStatus
17/10 16:54 DEBUG Get data from /api/Person
17/10 16:54 DEBUG Get data from /api/InterviewSchedule
17/10 16:54 DEBUG Get data from /api/QuestionCategory
17/10 16:54 DEBUG Get data from /api/InterviewStatus
17/10 16:54 DEBUG Get data from /api/InterviewSchedule
17/10 16:54 DEBUG Get data from /api/Person
17/10 16:55 DEBUG Get data from /api/InterviewSchedule
17/10 16:55 DEBUG Get data from /api/InterviewStatus
17/10 16:55 DEBUG Get data from /api/Person
17/10 16:55 DEBUG Get data from /api/InterviewSchedule
17/10 16:55 DEBUG Get data from /api/InterviewStatus
17/10 16:55 DEBUG Get data from /api/Person
17/10 16:55 DEBUG Get data from /api/InterviewStatus
17/10 16:55 DEBUG Get data from /api/Person
17/10 16:57 DEBUG Get data from /api/Person
17/10 16:57 DEBUG Get data from /api/InterviewStatus
17/10 16:58 DEBUG Get data from /api/Person
17/10 16:58 DEBUG Get data from /api/InterviewStatus
17/10 16:59 DEBUG Get data from /api/Person
17/10 16:59 DEBUG Get data from /api/InterviewStatus
17/10 17:00 DEBUG Get data from /api/Person
17/10 17:00 DEBUG Get data from /api/InterviewStatus
17/10 17:00 DEBUG Get data from /api/Person
17/10 17:00 DEBUG Get data from /api/InterviewStatus
17/10 17:01 DEBUG Get data from /api/Person
17/10 17:01 DEBUG Get data from /api/InterviewStatus
17/10 17:01 DEBUG Get data from /api/Person
17/10 17:01 DEBUG Get data from /api/InterviewStatus
17/10 17:03 DEBUG Get data from /api/Person
17/10 17:03 DEBUG Get data from /api/InterviewStatus
17/10 17:03 DEBUG Get data from /api/Person
17/10 17:03 DEBUG Get data from /api/InterviewStatus
17/10 17:03 DEBUG Get data from /api/Person
17/10 17:03 DEBUG Get data from /api/InterviewStatus
17/10 17:14 DEBUG Get data from /api/InterviewStatus
17/10 17:14 DEBUG Get data from /api/Person
17/10 17:14 DEBUG Get data from /api/InterviewSchedule
17/10 17:14 DEBUG Get data from /api/Person
17/10 17:14 DEBUG Get data from /api/InterviewStatus
17/10 17:16 DEBUG Get data from /api/Person
17/10 17:16 DEBUG Get data from /api/InterviewStatus
17/10 17:21 DEBUG Get data from /api/Person
17/10 17:21 DEBUG Get data from /api/InterviewStatus
17/10 17:22 DEBUG Get data from /api/Person
17/10 17:22 DEBUG Get data from /api/InterviewStatus
17/10 17:54 DEBUG Get data from /api/Person
17/10 17:54 DEBUG Get data from /api/InterviewStatus
17/10 17:59 DEBUG Get data from /api/Person
17/10 17:59 DEBUG Get data from /api/InterviewStatus
17/10 17:59 DEBUG Get data from /api/InterviewStatus
17/10 17:59 DEBUG Get data from /api/Person
17/10 17:59 DEBUG Get data from /api/Person
17/10 17:59 DEBUG Get data from /api/InterviewStatus
17/10 18:00 DEBUG Get data from /api/Person
17/10 18:00 DEBUG Get data from /api/InterviewStatus
17/10 18:00 DEBUG Get data from /api/Person
17/10 18:00 DEBUG Get data from /api/InterviewStatus
17/10 18:01 DEBUG Get data from /api/Person
17/10 18:01 DEBUG Get data from /api/InterviewStatus
17/10 18:01 DEBUG Get data from /api/Person
17/10 18:01 DEBUG Get data from /api/InterviewStatus
17/10 18:02 DEBUG Get data from /api/Person
17/10 18:02 DEBUG Get data from /api/InterviewStatus
17/10 18:02 DEBUG Get data from /api/Person
17/10 18:02 DEBUG Get data from /api/InterviewStatus
18/10 11:33 DEBUG Get data from /api/InterviewStatus
18/10 11:33 DEBUG Get data from /api/Person
18/10 11:33 DEBUG Get data from /api/InterviewSchedule
18/10 11:34 DEBUG Get data from /api/Person
18/10 11:34 DEBUG Get data from /api/InterviewStatus
18/10 15:38 DEBUG Get data from /api/Person
18/10 15:38 DEBUG Get data from /api/InterviewStatus
18/10 15:38 DEBUG Get data from /api/InterviewStatus
18/10 15:38 DEBUG Get data from /api/Person
18/10 15:38 DEBUG Get data from /api/InterviewSchedule
18/10 15:39 DEBUG Get data from /api/Person
18/10 15:39 DEBUG Get data from /api/InterviewStatus
18/10 15:39 DEBUG Get data from /api/InterviewStatus
18/10 15:39 DEBUG Get data from /api/Person
18/10 15:39 DEBUG Get data from /api/InterviewSchedule
24/10 18:06 DEBUG Get data from /api/Person
24/10 18:06 DEBUG Get data from /api/InterviewStatus
24/10 18:06 DEBUG Get data from /api/InterviewSchedule
24/10 19:07 ERROR structure of query does not match function result type
24/10 19:09 ERROR structure of query does not match function result type
24/10 19:13 ERROR structure of query does not match function result type
30/10 11:28 DEBUG Get data from /api/InterviewStatus
30/10 11:28 DEBUG Get data from /api/Person
30/10 11:28 DEBUG Get data from /api/InterviewSchedule
30/10 11:29 DEBUG Get data from /api/Person
30/10 11:29 DEBUG Get data from /api/InterviewStatus
30/10 11:29 DEBUG Get data from /api/InterviewSchedule
30/10 11:29 DEBUG Get data from /api/InterviewStatus
30/10 11:29 DEBUG Get data from /api/Person
30/10 11:29 DEBUG Get data from /api/InterviewSchedule
30/10 11:29 DEBUG Get data from /api/InterviewSchedule
30/10 11:29 DEBUG Get data from /api/InterviewStatus
30/10 11:29 DEBUG Get data from /api/Person
30/10 11:29 DEBUG Get data from /api/InterviewSchedule
30/10 11:29 DEBUG Get data from /api/InterviewStatus
30/10 11:29 DEBUG Get data from /api/Person
30/10 11:30 DEBUG Get data from /api/Person
